<?xml version="1.0" encoding="UTF-8"?>
<!-- Generated by org.testng.reporters.JUnitReportReporter -->
<testsuite hostname="DESKTOP-4JGRE08" failures="0" tests="2" name="jarvis.testscripts.LoginTest" time="13.942" errors="0" timestamp="2022-05-05T14:46:07 IST" skipped="0">
  <testcase classname="jarvis.testscripts.LoginTest" name="loginTest" time="10.954"/>
  <system-out/>
  <testcase classname="jarvis.testscripts.LoginTest" name="loginintoApplication" time="2.988"/>
  <system-out/>
</testsuite> <!-- jarvis.testscripts.LoginTest -->
