<?xml version="1.0" encoding="UTF-8"?>
<!-- Generated by org.testng.reporters.JUnitReportReporter -->
<testsuite hostname="ESLLAP-3639" failures="0" tests="1" name="jarvis.tests.LoginTest" time="3.273" errors="0" timestamp="2022-05-10T13:36:13 IST" skipped="0">
  <testcase classname="jarvis.tests.LoginTest" name="loginTest" time="3.273"/>
  <system-out/>
</testsuite> <!-- jarvis.tests.LoginTest -->
