<?xml version="1.0" encoding="UTF-8"?>
<!-- Generated by org.testng.reporters.JUnitReportReporter -->
<testsuite hostname="ESLLAP-3639" failures="0" tests="1" name="jarvis.tests.ShoppingCartTest" time="0.003" errors="0" timestamp="2022-05-11T16:29:39 IST" skipped="0">
  <testcase classname="jarvis.tests.ShoppingCartTest" name="shoppingcartTest" time="0.003"/>
  <system-out/>
</testsuite> <!-- jarvis.tests.ShoppingCartTest -->
