<?xml version="1.0" encoding="UTF-8"?>
<!-- Generated by org.testng.reporters.JUnitReportReporter -->
<testsuite hostname="DESKTOP-4JGRE08" failures="0" tests="1" name="jarvis.testscripts.WindowClass" time="5.118" errors="0" timestamp="2022-05-06T16:28:36 IST" skipped="0">
  <testcase classname="jarvis.testscripts.WindowClass" name="WindowTest" time="5.118"/>
  <system-out/>
</testsuite> <!-- jarvis.testscripts.WindowClass -->
