<?xml version="1.0" encoding="UTF-8"?>
<!-- Generated by org.testng.reporters.JUnitReportReporter -->
<testsuite hostname="DESKTOP-4JGRE08" failures="0" tests="1" name="jarvis.testscripts.LoginTest" time="9.908" errors="0" timestamp="2022-05-02T16:15:38 IST" skipped="0">
  <testcase classname="jarvis.testscripts.LoginTest" name="loginintoApplication" time="9.908"/>
  <system-out/>
</testsuite> <!-- jarvis.testscripts.LoginTest -->
