<?xml version="1.0" encoding="UTF-8"?>
<!-- Generated by org.testng.reporters.JUnitReportReporter -->
<testsuite hostname="ESLLAP-3639" failures="0" tests="1" name="jarvis.tests.LoginTest" time="4.668" errors="0" timestamp="2022-05-11T14:42:12 IST" skipped="0">
  <testcase classname="jarvis.tests.LoginTest" name="loginTest" time="4.668"/>
  <system-out/>
</testsuite> <!-- jarvis.tests.LoginTest -->
