<?xml version="1.0" encoding="UTF-8"?>
<!-- Generated by org.testng.reporters.JUnitReportReporter -->
<testsuite hostname="ESLLAP-3639" failures="0" tests="1" name="jarvis.testscripts.LoginTest" time="11.945" errors="0" timestamp="2022-05-09T11:24:42 IST" skipped="0">
  <testcase classname="jarvis.testscripts.LoginTest" name="loginTest" time="11.945"/>
  <system-out/>
</testsuite> <!-- jarvis.testscripts.LoginTest -->
