<?xml version="1.0" encoding="UTF-8"?>
<!-- Generated by org.testng.reporters.JUnitReportReporter -->
<testsuite hostname="DESKTOP-4JGRE08" failures="0" tests="2" name="jarvis.testscripts.LoginTest" time="7.678" errors="0" timestamp="2022-05-06T15:06:10 IST" skipped="0">
  <testcase classname="jarvis.testscripts.LoginTest" name="loginintoApplication" time="1.979"/>
  <system-out/>
  <testcase classname="jarvis.testscripts.LoginTest" name="loginTest" time="5.699"/>
  <system-out/>
</testsuite> <!-- jarvis.testscripts.LoginTest -->
