<?xml version="1.0" encoding="UTF-8"?>
<!-- Generated by org.testng.reporters.JUnitReportReporter -->
<testsuite hostname="DESKTOP-39G43KO" failures="0" tests="1" name="jarvis.testscripts.LoginTest" time="14.463" errors="0" timestamp="2022-05-05T19:28:34 IST" skipped="0">
  <testcase classname="jarvis.testscripts.LoginTest" name="loginTest" time="14.463"/>
  <system-out/>
</testsuite> <!-- jarvis.testscripts.LoginTest -->
