<?xml version="1.0" encoding="UTF-8"?>
<!-- Generated by org.testng.reporters.JUnitReportReporter -->
<testsuite hostname="DESKTOP-4JGRE08" failures="0" tests="1" name="jarvis.testscripts.BrokenScript$BLinkTest" time="76.240" errors="0" timestamp="2022-05-02T16:25:41 IST" skipped="0">
  <testcase classname="jarvis.testscripts.BrokenScript$BLinkTest" name="loginintoApplication" time="76.240"/>
  <system-out/>
</testsuite> <!-- jarvis.testscripts.BrokenScript$BLinkTest -->
